
============= MEMWATCH 2.71 Copyright (C) 1992-1999 Johan Lindh =============

Started at Wed Dec 16 16:12:11 2020

Modes: __STDC__ 64-bit mwDWORD==(unsigned int)
mwROUNDALLOC==8 sizeof(mwData)==56 mwDataSize==56

statistics: now collecting on a line basis
Hello world!
underflow: <5> test.c(62), 200 bytes alloc'd at <4> test.c(60)
relink: <7> test.c(66) attempting to repair MW-0x10525a0...
relink: MW-0x10525a0 is the head (first) allocation
relink: MW-0x10525a0 prev pointer is non-NULL, you have a wild pointer
relink: successful, no allocations lost
assert trap: <8> test.c(69), 1==2

Stopped at Wed Dec 16 16:12:18 2020

unfreed: <3> test.c(59), 20 bytes at 0x1052310  	{FE FE FE FE FE FE FE FE FE FE FE FE FE FE FE FE ................}

Memory usage statistics (global):
 N)umber of allocations made: 4
 L)argest memory usage      : 220
 T)otal of all alloc() calls: 530
 U)nfreed bytes totals      : 20

Memory usage statistics (detailed):
 Module/Line                                Number   Largest  Total    Unfreed 
 test.c                                     4        220      530      20      
  64                                        1        100      100      0       
  60                                        1        200      200      0       
  59                                        1        20       20       20      
  57                                        1        210      210      0       

============= MEMWATCH 2.71 Copyright (C) 1992-1999 Johan Lindh =============

Started at Wed Dec 16 16:19:37 2020

Modes: __STDC__ 64-bit mwDWORD==(unsigned int)
mwROUNDALLOC==8 sizeof(mwData)==56 mwDataSize==56

statistics: now collecting on a line basis
Hello world!
underflow: <5> test.c(62), 200 bytes alloc'd at <4> test.c(60)
relink: <7> test.c(66) attempting to repair MW-0x25615a0...
relink: MW-0x25615a0 is the head (first) allocation
relink: MW-0x25615a0 prev pointer is non-NULL, you have a wild pointer
relink: successful, no allocations lost
assert trap: <8> test.c(69), 1==2
breakout: MEMWATCH: assert trap: test.c(69), 1==2
assert trap: <8> RETRY - executing again
assert trap: <9> test.c(69), 1==2
assert trap: <9> IGNORED - execution continues
limit: old limit = none, new limit = 1000000 bytes
grabbed: all allowed memory to no-mans-land (976 kb)
Killing byte at 0x256d930
Killing byte at 0x2568b10
Killing byte at 0x25619c8
Killing byte at 0x256157c
check: <9> test.c(95), checking chain alloc nomansland 
check: <9> test.c(95), complete; no errors
internal: <11> test.c(105), checksum for MW-0x26592a0 is incorrect
underflow: <11> test.c(105), 0 bytes alloc'd at <10> test.c(865)
overflow: <11> test.c(105), 0 bytes alloc'd at <10> test.c(865)
internal: <11> test.c(107), no-mans-land MW-0x26592a0 is corrupted
realloc: <11> test.c(107), 0x26592e0 was freed from test.c(105)

============= MEMWATCH 2.71 Copyright (C) 1992-1999 Johan Lindh =============

Started at Wed Dec 16 16:20:46 2020

Modes: __STDC__ 64-bit mwDWORD==(unsigned int)
mwROUNDALLOC==8 sizeof(mwData)==56 mwDataSize==56

statistics: now collecting on a line basis
Hello world!
underflow: <5> test.c(62), 200 bytes alloc'd at <4> test.c(60)

============= MEMWATCH 2.71 Copyright (C) 1992-1999 Johan Lindh =============

Started at Wed Dec 16 16:20:50 2020

Modes: __STDC__ 64-bit mwDWORD==(unsigned int)
mwROUNDALLOC==8 sizeof(mwData)==56 mwDataSize==56

statistics: now collecting on a line basis
Hello world!
underflow: <5> test.c(62), 200 bytes alloc'd at <4> test.c(60)
relink: <7> test.c(66) attempting to repair MW-0x15265a0...
relink: MW-0x15265a0 is the head (first) allocation
relink: MW-0x15265a0 prev pointer is non-NULL, you have a wild pointer
relink: successful, no allocations lost
assert trap: <8> test.c(69), 1==2

Stopped at Wed Dec 16 16:20:52 2020

unfreed: <3> test.c(59), 20 bytes at 0x1526310  	{FE FE FE FE FE FE FE FE FE FE FE FE FE FE FE FE ................}

Memory usage statistics (global):
 N)umber of allocations made: 4
 L)argest memory usage      : 220
 T)otal of all alloc() calls: 530
 U)nfreed bytes totals      : 20

Memory usage statistics (detailed):
 Module/Line                                Number   Largest  Total    Unfreed 
 test.c                                     4        220      530      20      
  64                                        1        100      100      0       
  60                                        1        200      200      0       
  59                                        1        20       20       20      
  57                                        1        210      210      0       
